0 info it worked if it ends with ok
1 verbose cli [ 'node', '/usr/local/bin/npm', 'link' ]
2 info using npm@2.1.2
3 info using node@v0.10.32
4 verbose node symlink /usr/local/bin/node
5 verbose config Skipping project config: /Users/benvisser/.npmrc. (matches userconfig)
6 verbose linkPkg /Users/benvisser
7 verbose stack Error: ENOENT, open '/Users/benvisser/package.json'
8 verbose cwd /Users/benvisser/Documents/lighthouse/ProjectFiles/W7D4/RTC
9 error Darwin 14.0.0
10 error argv "node" "/usr/local/bin/npm" "link"
11 error node v0.10.32
12 error npm  v2.1.2
13 error path /Users/benvisser/package.json
14 error code ENOENT
15 error errno 34
16 error ENOENT, open '/Users/benvisser/package.json'
17 error If you need help, you may report this error at:
17 error     <http://github.com/npm/npm/issues>
18 verbose exit [ 34, true ]
