0 info it worked if it ends with ok
1 verbose cli [ 'node', '/usr/local/bin/npm', 'install', 'webrtc.i' ]
2 info using npm@1.4.28
3 info using node@v0.10.32
4 warn package.json RTOS@0.0.1 No README data
5 verbose readDependencies using package.json deps
6 verbose cache add [ 'webrtc.i', null ]
7 verbose cache add name=undefined spec="webrtc.i" args=["webrtc.i",null]
8 verbose parsed url { protocol: null,
8 verbose parsed url   slashes: null,
8 verbose parsed url   auth: null,
8 verbose parsed url   host: null,
8 verbose parsed url   port: null,
8 verbose parsed url   hostname: null,
8 verbose parsed url   hash: null,
8 verbose parsed url   search: null,
8 verbose parsed url   query: null,
8 verbose parsed url   pathname: 'webrtc.i',
8 verbose parsed url   path: 'webrtc.i',
8 verbose parsed url   href: 'webrtc.i' }
9 silly lockFile a645d7cd-webrtc-i webrtc.i
10 verbose lock webrtc.i /Users/allthetime/.npm/a645d7cd-webrtc-i.lock
11 silly lockFile a645d7cd-webrtc-i webrtc.i
12 silly lockFile a645d7cd-webrtc-i webrtc.i
13 verbose addNamed [ 'webrtc.i', '' ]
14 verbose addNamed [ null, '*' ]
15 silly lockFile 312f8135-webrtc-i webrtc.i@
16 verbose lock webrtc.i@ /Users/allthetime/.npm/312f8135-webrtc-i.lock
17 silly addNameRange { name: 'webrtc.i', range: '*', hasData: false }
18 verbose request where is /webrtc.i
19 verbose request registry https://registry.npmjs.org/
20 verbose request id bfeeba266c41541c
21 verbose url raw /webrtc.i
22 verbose url resolving [ 'https://registry.npmjs.org/', './webrtc.i' ]
23 verbose url resolved https://registry.npmjs.org/webrtc.i
24 verbose request where is https://registry.npmjs.org/webrtc.i
25 info trying registry request attempt 1 at 08:25:43
26 http GET https://registry.npmjs.org/webrtc.i
27 http 404 https://registry.npmjs.org/webrtc.i
28 verbose headers { date: 'Tue, 21 Oct 2014 15:25:44 GMT',
28 verbose headers   server: 'CouchDB/1.5.0 (Erlang OTP/R16B03)',
28 verbose headers   'content-type': 'application/json',
28 verbose headers   'cache-control': 'max-age=0',
28 verbose headers   'content-length': '52',
28 verbose headers   'accept-ranges': 'bytes',
28 verbose headers   via: '1.1 varnish',
28 verbose headers   age: '0',
28 verbose headers   'x-served-by': 'cache-sjc3125-SJC',
28 verbose headers   'x-cache': 'MISS',
28 verbose headers   'x-cache-hits': '0',
28 verbose headers   'x-timer': 'S1413905144.127382,VS0,VE85',
28 verbose headers   'keep-alive': 'timeout=10, max=50',
28 verbose headers   connection: 'Keep-Alive' }
29 silly registry.get cb [ 404,
29 silly registry.get   { date: 'Tue, 21 Oct 2014 15:25:44 GMT',
29 silly registry.get     server: 'CouchDB/1.5.0 (Erlang OTP/R16B03)',
29 silly registry.get     'content-type': 'application/json',
29 silly registry.get     'cache-control': 'max-age=0',
29 silly registry.get     'content-length': '52',
29 silly registry.get     'accept-ranges': 'bytes',
29 silly registry.get     via: '1.1 varnish',
29 silly registry.get     age: '0',
29 silly registry.get     'x-served-by': 'cache-sjc3125-SJC',
29 silly registry.get     'x-cache': 'MISS',
29 silly registry.get     'x-cache-hits': '0',
29 silly registry.get     'x-timer': 'S1413905144.127382,VS0,VE85',
29 silly registry.get     'keep-alive': 'timeout=10, max=50',
29 silly registry.get     connection: 'Keep-Alive' } ]
30 silly lockFile 312f8135-webrtc-i webrtc.i@
31 silly lockFile 312f8135-webrtc-i webrtc.i@
32 error 404 404 Not Found: webrtc.i
32 error 404
32 error 404 'webrtc.i' is not in the npm registry.
32 error 404 You should bug the author to publish it
32 error 404 It was specified as a dependency of 'RTOS'
32 error 404
32 error 404 Note that you can also install from a
32 error 404 tarball, folder, or http url, or git url.
33 error System Darwin 13.3.0
34 error command "node" "/usr/local/bin/npm" "install" "webrtc.i"
35 error cwd /Users/allthetime/rtos/SHIT/webRTCCopy/server
36 error node -v v0.10.32
37 error npm -v 1.4.28
38 error code E404
39 verbose exit [ 1, true ]
